<?xml version="1.0" encoding="UTF-8"?>
<testng-results ignored="7" total="8" passed="1" failed="0" skipped="0">
  <reporter-output>
  </reporter-output>
  <suite started-at="2021-05-27T18:28:14 IST" name="Default suite" finished-at="2021-05-27T18:29:14 IST" duration-ms="60203">
    <groups>
    </groups>
    <test started-at="2021-05-27T18:28:14 IST" name="Default test" finished-at="2021-05-27T18:29:14 IST" duration-ms="60203">
      <class name="com.GiftShop.TestCases.MyCart_Test">
        <test-method is-config="true" signature="setup()[pri:0, instance:com.GiftShop.TestCases.MyCart_Test@793be5ca]" started-at="2021-05-27T18:28:14 IST" name="setup" finished-at="2021-05-27T18:29:08 IST" duration-ms="53730" status="PASS">
          <reporter-output>
          </reporter-output>
        </test-method> <!-- setup -->
        <test-method signature="continueShoppingButtonTest()[pri:0, instance:com.GiftShop.TestCases.MyCart_Test@793be5ca]" started-at="2021-05-27T18:29:08 IST" name="continueShoppingButtonTest" finished-at="2021-05-27T18:29:12 IST" duration-ms="4407" status="PASS">
          <reporter-output>
          </reporter-output>
        </test-method> <!-- continueShoppingButtonTest -->
        <test-method is-config="true" signature="tearDown()[pri:0, instance:com.GiftShop.TestCases.MyCart_Test@793be5ca]" started-at="2021-05-27T18:29:12 IST" name="tearDown" finished-at="2021-05-27T18:29:14 IST" duration-ms="1992" status="PASS">
          <reporter-output>
          </reporter-output>
        </test-method> <!-- tearDown -->
      </class> <!-- com.GiftShop.TestCases.MyCart_Test -->
    </test> <!-- Default test -->
  </suite> <!-- Default suite -->
</testng-results>
