<?xml version="1.0" encoding="UTF-8"?>
<!-- Generated by org.testng.reporters.JUnitXMLReporter -->
<testsuite ignored="7" hostname="DESKTOP-EG9V7VJ" failures="0" tests="1" name="Default test" time="60.203" errors="0" timestamp="2021-05-27T18:29:14 IST">
  <testcase classname="com.GiftShop.TestCases.MyCart_Test" name="continueShoppingButtonTest" time="4.407"/>
  <testcase classname="com.GiftShop.TestCases.MyCart_Test" name="buttonsAreDisplayedTest" time="0.0">
    <ignored/>
  </testcase> <!-- buttonsAreDisplayedTest -->
  <testcase classname="com.GiftShop.TestCases.MyCart_Test" name="deleteItemButtonTest" time="0.0">
    <ignored/>
  </testcase> <!-- deleteItemButtonTest -->
  <testcase classname="com.GiftShop.TestCases.MyCart_Test" name="paypalCheckboxTest" time="0.0">
    <ignored/>
  </testcase> <!-- paypalCheckboxTest -->
  <testcase classname="com.GiftShop.TestCases.MyCart_Test" name="checkIfProductAttributesAvailableTest" time="0.0">
    <ignored/>
  </testcase> <!-- checkIfProductAttributesAvailableTest -->
  <testcase classname="com.GiftShop.TestCases.MyCart_Test" name="codCheckboxTest" time="0.0">
    <ignored/>
  </testcase> <!-- codCheckboxTest -->
  <testcase classname="com.GiftShop.TestCases.MyCart_Test" name="checkProductAttributeLabelsTest" time="0.0">
    <ignored/>
  </testcase> <!-- checkProductAttributeLabelsTest -->
  <testcase classname="com.GiftShop.TestCases.MyCart_Test" name="checkIfMyCartIsAvailableTest" time="0.0">
    <ignored/>
  </testcase> <!-- checkIfMyCartIsAvailableTest -->
</testsuite> <!-- Default test -->
